app/build/intermediates/manifest_merge_blame_file/debug/manifest-merger-blame-debug-report.txt
1<?xml version="1.0" encoding="utf-8"?>
2<manifest xmlns:android="http://schemas.android.com/apk/res/android"
3    package="sbdev.apk.mcqhub"
4    android:versionCode="1"
5    android:versionName="1.0" >
6
7    <uses-sdk
8        android:minSdkVersion="21"
8-->src\main\AndroidManifest.xml
9        android:targetSdkVersion="32" />
9-->src\main\AndroidManifest.xml
10
11    <uses-permission android:name="android.permission.BLUETOOTH" />
11-->src\main\AndroidManifest.xml:6:2-65
11-->src\main\AndroidManifest.xml:6:19-62
12    <uses-permission android:name="android.permission.BLUETOOTH_CONNECT" />
12-->src\main\AndroidManifest.xml:7:2-73
12-->src\main\AndroidManifest.xml:7:19-70
13    <uses-permission android:name="android.permission.BLUETOOTH_CONNECT" />
13-->src\main\AndroidManifest.xml:7:2-73
13-->src\main\AndroidManifest.xml:7:19-70
14    <uses-permission android:name="android.permission.BLUETOOTH_CONNECT" />
14-->src\main\AndroidManifest.xml:7:2-73
14-->src\main\AndroidManifest.xml:7:19-70
15    <uses-permission android:name="android.permission.BLUETOOTH_CONNECT" />
15-->src\main\AndroidManifest.xml:7:2-73
15-->src\main\AndroidManifest.xml:7:19-70
16    <uses-permission android:name="android.permission.BLUETOOTH_CONNECT" />
16-->src\main\AndroidManifest.xml:7:2-73
16-->src\main\AndroidManifest.xml:7:19-70
17    <uses-permission android:name="android.permission.BLUETOOTH_CONNECT" />
17-->src\main\AndroidManifest.xml:7:2-73
17-->src\main\AndroidManifest.xml:7:19-70
18    <uses-permission android:name="android.permission.BLUETOOTH_CONNECT" />
18-->src\main\AndroidManifest.xml:7:2-73
18-->src\main\AndroidManifest.xml:7:19-70
19    <uses-permission android:name="android.permission.BLUETOOTH_CONNECT" />
19-->src\main\AndroidManifest.xml:7:2-73
19-->src\main\AndroidManifest.xml:7:19-70
20    <uses-permission android:name="android.permission.BLUETOOTH_CONNECT" />
20-->src\main\AndroidManifest.xml:7:2-73
20-->src\main\AndroidManifest.xml:7:19-70
21    <uses-permission android:name="android.permission.BLUETOOTH_CONNECT" />
21-->src\main\AndroidManifest.xml:7:2-73
21-->src\main\AndroidManifest.xml:7:19-70
22    <uses-permission android:name="android.permission.BLUETOOTH_CONNECT" />
22-->src\main\AndroidManifest.xml:7:2-73
22-->src\main\AndroidManifest.xml:7:19-70
23    <uses-permission android:name="android.permission.BLUETOOTH_CONNECT" />
23-->src\main\AndroidManifest.xml:7:2-73
23-->src\main\AndroidManifest.xml:7:19-70
24    <uses-permission android:name="android.permission.BLUETOOTH_SCAN" />
24-->src\main\AndroidManifest.xml:19:2-70
24-->src\main\AndroidManifest.xml:19:19-67
25    <uses-permission android:name="android.permission.INTERNET" />
25-->src\main\AndroidManifest.xml:20:2-64
25-->src\main\AndroidManifest.xml:20:19-61
26    <uses-permission android:name="android.permission.VIBRATE" />
26-->src\main\AndroidManifest.xml:21:2-63
26-->src\main\AndroidManifest.xml:21:19-60
27    <uses-permission android:name="android.permission.ACCESS_NETWORK_STATE" />
27-->src\main\AndroidManifest.xml:22:2-76
27-->src\main\AndroidManifest.xml:22:19-73
28    <uses-permission android:name="android.permission.VIBRATE" />
28-->src\main\AndroidManifest.xml:21:2-63
28-->src\main\AndroidManifest.xml:21:19-60
29
30    <application
30-->src\main\AndroidManifest.xml:25:5-180:16
31        android:allowBackup="true"
31-->src\main\AndroidManifest.xml:26:3-29
32        android:appComponentFactory="androidx.core.app.CoreComponentFactory"
32-->[androidx.core:core:1.5.0] AndroidManifest.xml:24:18-86
33        android:debuggable="true"
34        android:icon="@drawable/app_icon"
34-->src\main\AndroidManifest.xml:29:3-36
35        android:label="@string/app_name"
35-->src\main\AndroidManifest.xml:28:3-35
36        android:largeHeap="true"
36-->src\main\AndroidManifest.xml:30:3-27
37        android:requestLegacyExternalStorage="true"
37-->src\main\AndroidManifest.xml:27:9-52
38        android:testOnly="true"
39        android:theme="@style/AppTheme"
39-->src\main\AndroidManifest.xml:32:3-34
40        android:usesCleartextTraffic="true" >
40-->src\main\AndroidManifest.xml:31:3-38
41        <activity
41-->src\main\AndroidManifest.xml:33:3-45:14
42            android:name="sbdev.apk.mcqhub.MainActivity"
42-->src\main\AndroidManifest.xml:34:4-32
43            android:configChanges="orientation|screenSize|keyboardHidden|smallestScreenSize|screenLayout"
43-->src\main\AndroidManifest.xml:35:4-97
44            android:exported="true"
44-->src\main\AndroidManifest.xml:40:4-27
45            android:hardwareAccelerated="true"
45-->src\main\AndroidManifest.xml:36:4-38
46            android:screenOrientation="portrait"
46-->src\main\AndroidManifest.xml:39:4-40
47            android:supportsPictureInPicture="true"
47-->src\main\AndroidManifest.xml:37:4-43
48            android:theme="@style/AppTheme.FullScreen" >
48-->src\main\AndroidManifest.xml:38:4-46
49            <intent-filter>
49-->src\main\AndroidManifest.xml:41:4-44:20
50                <action android:name="android.intent.action.MAIN" />
50-->src\main\AndroidManifest.xml:42:5-57
50-->src\main\AndroidManifest.xml:42:13-54
51
52                <category android:name="android.intent.category.LAUNCHER" />
52-->src\main\AndroidManifest.xml:43:5-65
52-->src\main\AndroidManifest.xml:43:15-62
53            </intent-filter>
54        </activity>
55        <activity
55-->src\main\AndroidManifest.xml:46:3-51:43
56            android:name="sbdev.apk.mcqhub.SignupPageActivity"
56-->src\main\AndroidManifest.xml:47:4-38
57            android:configChanges="orientation|screenSize|keyboardHidden|smallestScreenSize|screenLayout"
57-->src\main\AndroidManifest.xml:48:4-97
58            android:hardwareAccelerated="true"
58-->src\main\AndroidManifest.xml:49:4-38
59            android:screenOrientation="portrait"
59-->src\main\AndroidManifest.xml:51:4-40
60            android:supportsPictureInPicture="true" />
60-->src\main\AndroidManifest.xml:50:4-43
61        <activity
61-->src\main\AndroidManifest.xml:52:3-57:43
62            android:name="sbdev.apk.mcqhub.AdminHomeActivity"
62-->src\main\AndroidManifest.xml:53:4-37
63            android:configChanges="orientation|screenSize|keyboardHidden|smallestScreenSize|screenLayout"
63-->src\main\AndroidManifest.xml:54:4-97
64            android:hardwareAccelerated="true"
64-->src\main\AndroidManifest.xml:55:4-38
65            android:screenOrientation="portrait"
65-->src\main\AndroidManifest.xml:57:4-40
66            android:supportsPictureInPicture="true" />
66-->src\main\AndroidManifest.xml:56:4-43
67        <activity
67-->src\main\AndroidManifest.xml:58:3-63:43
68            android:name="sbdev.apk.mcqhub.StudentHomeActivity"
68-->src\main\AndroidManifest.xml:59:4-39
69            android:configChanges="orientation|screenSize|keyboardHidden|smallestScreenSize|screenLayout"
69-->src\main\AndroidManifest.xml:60:4-97
70            android:hardwareAccelerated="true"
70-->src\main\AndroidManifest.xml:61:4-38
71            android:screenOrientation="portrait"
71-->src\main\AndroidManifest.xml:63:4-40
72            android:supportsPictureInPicture="true" />
72-->src\main\AndroidManifest.xml:62:4-43
73        <activity
73-->src\main\AndroidManifest.xml:64:3-69:43
74            android:name="sbdev.apk.mcqhub.TeacherHomeActivity"
74-->src\main\AndroidManifest.xml:65:4-39
75            android:configChanges="orientation|screenSize|keyboardHidden|smallestScreenSize|screenLayout"
75-->src\main\AndroidManifest.xml:66:4-97
76            android:hardwareAccelerated="true"
76-->src\main\AndroidManifest.xml:67:4-38
77            android:screenOrientation="portrait"
77-->src\main\AndroidManifest.xml:69:4-40
78            android:supportsPictureInPicture="true" />
78-->src\main\AndroidManifest.xml:68:4-43
79        <activity
79-->src\main\AndroidManifest.xml:70:3-75:43
80            android:name="sbdev.apk.mcqhub.NewAcRqActivity"
80-->src\main\AndroidManifest.xml:71:4-35
81            android:configChanges="orientation|screenSize|keyboardHidden|smallestScreenSize|screenLayout"
81-->src\main\AndroidManifest.xml:72:4-97
82            android:hardwareAccelerated="true"
82-->src\main\AndroidManifest.xml:73:4-38
83            android:screenOrientation="portrait"
83-->src\main\AndroidManifest.xml:75:4-40
84            android:supportsPictureInPicture="true" />
84-->src\main\AndroidManifest.xml:74:4-43
85        <activity
85-->src\main\AndroidManifest.xml:76:3-81:43
86            android:name="sbdev.apk.mcqhub.AllStudentAcActivity"
86-->src\main\AndroidManifest.xml:77:4-40
87            android:configChanges="orientation|screenSize|keyboardHidden|smallestScreenSize|screenLayout"
87-->src\main\AndroidManifest.xml:78:4-97
88            android:hardwareAccelerated="true"
88-->src\main\AndroidManifest.xml:79:4-38
89            android:screenOrientation="portrait"
89-->src\main\AndroidManifest.xml:81:4-40
90            android:supportsPictureInPicture="true" />
90-->src\main\AndroidManifest.xml:80:4-43
91        <activity
91-->src\main\AndroidManifest.xml:82:3-87:43
92            android:name="sbdev.apk.mcqhub.AllTeachersAcActivity"
92-->src\main\AndroidManifest.xml:83:4-41
93            android:configChanges="orientation|screenSize|keyboardHidden|smallestScreenSize|screenLayout"
93-->src\main\AndroidManifest.xml:84:4-97
94            android:hardwareAccelerated="true"
94-->src\main\AndroidManifest.xml:85:4-38
95            android:screenOrientation="portrait"
95-->src\main\AndroidManifest.xml:87:4-40
96            android:supportsPictureInPicture="true" />
96-->src\main\AndroidManifest.xml:86:4-43
97        <activity
97-->src\main\AndroidManifest.xml:88:3-93:43
98            android:name="sbdev.apk.mcqhub.AllDeactivatedAcActivity"
98-->src\main\AndroidManifest.xml:89:4-44
99            android:configChanges="orientation|screenSize|keyboardHidden|smallestScreenSize|screenLayout"
99-->src\main\AndroidManifest.xml:90:4-97
100            android:hardwareAccelerated="true"
100-->src\main\AndroidManifest.xml:91:4-38
101            android:screenOrientation="portrait"
101-->src\main\AndroidManifest.xml:93:4-40
102            android:supportsPictureInPicture="true" />
102-->src\main\AndroidManifest.xml:92:4-43
103        <activity
103-->src\main\AndroidManifest.xml:94:3-99:43
104            android:name="sbdev.apk.mcqhub.SubjectsListActivity"
104-->src\main\AndroidManifest.xml:95:4-40
105            android:configChanges="orientation|screenSize|keyboardHidden|smallestScreenSize|screenLayout"
105-->src\main\AndroidManifest.xml:96:4-97
106            android:hardwareAccelerated="true"
106-->src\main\AndroidManifest.xml:97:4-38
107            android:screenOrientation="portrait"
107-->src\main\AndroidManifest.xml:99:4-40
108            android:supportsPictureInPicture="true" />
108-->src\main\AndroidManifest.xml:98:4-43
109        <activity
109-->src\main\AndroidManifest.xml:100:3-105:43
110            android:name="sbdev.apk.mcqhub.SubjectAddUpdateActivity"
110-->src\main\AndroidManifest.xml:101:4-44
111            android:configChanges="orientation|screenSize|keyboardHidden|smallestScreenSize|screenLayout"
111-->src\main\AndroidManifest.xml:102:4-97
112            android:hardwareAccelerated="true"
112-->src\main\AndroidManifest.xml:103:4-38
113            android:screenOrientation="portrait"
113-->src\main\AndroidManifest.xml:105:4-40
114            android:supportsPictureInPicture="true" />
114-->src\main\AndroidManifest.xml:104:4-43
115        <activity
115-->src\main\AndroidManifest.xml:106:3-111:43
116            android:name="sbdev.apk.mcqhub.LoginPageActivity"
116-->src\main\AndroidManifest.xml:107:4-37
117            android:configChanges="orientation|screenSize|keyboardHidden|smallestScreenSize|screenLayout"
117-->src\main\AndroidManifest.xml:108:4-97
118            android:hardwareAccelerated="true"
118-->src\main\AndroidManifest.xml:109:4-38
119            android:screenOrientation="portrait"
119-->src\main\AndroidManifest.xml:111:4-40
120            android:supportsPictureInPicture="true" />
120-->src\main\AndroidManifest.xml:110:4-43
121        <activity
121-->src\main\AndroidManifest.xml:112:3-117:43
122            android:name="sbdev.apk.mcqhub.AllQuestionsListActivity"
122-->src\main\AndroidManifest.xml:113:4-44
123            android:configChanges="orientation|screenSize|keyboardHidden|smallestScreenSize|screenLayout"
123-->src\main\AndroidManifest.xml:114:4-97
124            android:hardwareAccelerated="true"
124-->src\main\AndroidManifest.xml:115:4-38
125            android:screenOrientation="portrait"
125-->src\main\AndroidManifest.xml:117:4-40
126            android:supportsPictureInPicture="true" />
126-->src\main\AndroidManifest.xml:116:4-43
127        <activity
127-->src\main\AndroidManifest.xml:118:3-123:43
128            android:name="sbdev.apk.mcqhub.AddUpdateQuestionsActivity"
128-->src\main\AndroidManifest.xml:119:4-46
129            android:configChanges="orientation|screenSize|keyboardHidden|smallestScreenSize|screenLayout"
129-->src\main\AndroidManifest.xml:120:4-97
130            android:hardwareAccelerated="true"
130-->src\main\AndroidManifest.xml:121:4-38
131            android:screenOrientation="portrait"
131-->src\main\AndroidManifest.xml:123:4-40
132            android:supportsPictureInPicture="true" />
132-->src\main\AndroidManifest.xml:122:4-43
133        <activity
133-->src\main\AndroidManifest.xml:124:3-129:43
134            android:name="sbdev.apk.mcqhub.TeacherMyProfileActivity"
134-->src\main\AndroidManifest.xml:125:4-44
135            android:configChanges="orientation|screenSize|keyboardHidden|smallestScreenSize|screenLayout"
135-->src\main\AndroidManifest.xml:126:4-97
136            android:hardwareAccelerated="true"
136-->src\main\AndroidManifest.xml:127:4-38
137            android:screenOrientation="portrait"
137-->src\main\AndroidManifest.xml:129:4-40
138            android:supportsPictureInPicture="true" />
138-->src\main\AndroidManifest.xml:128:4-43
139        <activity
139-->src\main\AndroidManifest.xml:130:3-135:43
140            android:name="sbdev.apk.mcqhub.TestActivity"
140-->src\main\AndroidManifest.xml:131:4-32
141            android:configChanges="orientation|screenSize|keyboardHidden|smallestScreenSize|screenLayout"
141-->src\main\AndroidManifest.xml:132:4-97
142            android:hardwareAccelerated="true"
142-->src\main\AndroidManifest.xml:133:4-38
143            android:screenOrientation="portrait"
143-->src\main\AndroidManifest.xml:135:4-40
144            android:supportsPictureInPicture="true" />
144-->src\main\AndroidManifest.xml:134:4-43
145        <activity
145-->src\main\AndroidManifest.xml:136:3-142:48
146            android:name="sbdev.apk.mcqhub.TestActivationActivity"
146-->src\main\AndroidManifest.xml:137:4-42
147            android:configChanges="orientation|screenSize|keyboardHidden|smallestScreenSize|screenLayout"
147-->src\main\AndroidManifest.xml:138:4-97
148            android:hardwareAccelerated="true"
148-->src\main\AndroidManifest.xml:139:4-38
149            android:screenOrientation="portrait"
149-->src\main\AndroidManifest.xml:141:4-40
150            android:supportsPictureInPicture="true"
150-->src\main\AndroidManifest.xml:140:4-43
151            android:windowSoftInputMode="stateHidden" />
151-->src\main\AndroidManifest.xml:142:4-45
152        <activity
152-->src\main\AndroidManifest.xml:143:3-149:48
153            android:name="sbdev.apk.mcqhub.ResultListTeacherActivity"
153-->src\main\AndroidManifest.xml:144:4-45
154            android:configChanges="orientation|screenSize|keyboardHidden|smallestScreenSize|screenLayout"
154-->src\main\AndroidManifest.xml:145:4-97
155            android:hardwareAccelerated="true"
155-->src\main\AndroidManifest.xml:146:4-38
156            android:screenOrientation="portrait"
156-->src\main\AndroidManifest.xml:148:4-40
157            android:supportsPictureInPicture="true"
157-->src\main\AndroidManifest.xml:147:4-43
158            android:windowSoftInputMode="stateHidden" />
158-->src\main\AndroidManifest.xml:149:4-45
159        <activity
159-->src\main\AndroidManifest.xml:150:3-155:43
160            android:name="sbdev.apk.mcqhub.ResultListStudentActivity"
160-->src\main\AndroidManifest.xml:151:4-45
161            android:configChanges="orientation|screenSize|keyboardHidden|smallestScreenSize|screenLayout"
161-->src\main\AndroidManifest.xml:152:4-97
162            android:hardwareAccelerated="true"
162-->src\main\AndroidManifest.xml:153:4-38
163            android:screenOrientation="portrait"
163-->src\main\AndroidManifest.xml:155:4-40
164            android:supportsPictureInPicture="true" />
164-->src\main\AndroidManifest.xml:154:4-43
165        <activity
165-->src\main\AndroidManifest.xml:156:3-161:43
166            android:name="sbdev.apk.mcqhub.MyprofileStudentActivity"
166-->src\main\AndroidManifest.xml:157:4-44
167            android:configChanges="orientation|screenSize|keyboardHidden|smallestScreenSize|screenLayout"
167-->src\main\AndroidManifest.xml:158:4-97
168            android:hardwareAccelerated="true"
168-->src\main\AndroidManifest.xml:159:4-38
169            android:screenOrientation="portrait"
169-->src\main\AndroidManifest.xml:161:4-40
170            android:supportsPictureInPicture="true" />
170-->src\main\AndroidManifest.xml:160:4-43
171
172        <meta-data
172-->src\main\AndroidManifest.xml:162:3-164:60
173            android:name="com.google.android.gms.version"
173-->src\main\AndroidManifest.xml:163:4-49
174            android:value="@integer/google_play_services_version" />
174-->src\main\AndroidManifest.xml:164:4-57
175
176        <provider
176-->src\main\AndroidManifest.xml:165:3-169:30
177            android:name="com.google.firebase.provider.FirebaseInitProvider"
177-->src\main\AndroidManifest.xml:166:4-68
178            android:authorities="sbdev.apk.mcqhub.firebaseinitprovider"
178-->src\main\AndroidManifest.xml:167:4-63
179            android:directBootAware="true"
179-->[com.google.firebase:firebase-common:20.3.2] AndroidManifest.xml:28:13-43
180            android:exported="false"
180-->src\main\AndroidManifest.xml:168:4-28
181            android:initOrder="100" />
181-->src\main\AndroidManifest.xml:169:4-27
182
183        <service
183-->src\main\AndroidManifest.xml:170:3-176:13
184            android:name="com.google.firebase.components.ComponentDiscoveryService"
184-->src\main\AndroidManifest.xml:171:4-75
185            android:directBootAware="true"
185-->[com.google.firebase:firebase-common:20.3.2] AndroidManifest.xml:34:13-43
186            android:exported="false" >
186-->src\main\AndroidManifest.xml:172:4-28
187            <meta-data
187-->src\main\AndroidManifest.xml:173:4-175:73
188                android:name="com.google.firebase.components:com.google.firebase.database.DatabaseRegistrar"
188-->src\main\AndroidManifest.xml:174:5-97
189                android:value="com.google.firebase.components.ComponentRegistrar" />
189-->src\main\AndroidManifest.xml:175:5-70
190            <meta-data
190-->[com.google.firebase:firebase-database-ktx:20.2.2] AndroidManifest.xml:14:13-16:85
191                android:name="com.google.firebase.components:com.google.firebase.database.ktx.FirebaseDatabaseKtxRegistrar"
191-->[com.google.firebase:firebase-database-ktx:20.2.2] AndroidManifest.xml:15:17-124
192                android:value="com.google.firebase.components.ComponentRegistrar" />
192-->[com.google.firebase:firebase-database-ktx:20.2.2] AndroidManifest.xml:16:17-82
193            <meta-data
193-->[com.google.firebase:firebase-common-ktx:20.3.2] AndroidManifest.xml:14:13-16:85
194                android:name="com.google.firebase.components:com.google.firebase.ktx.FirebaseCommonKtxRegistrar"
194-->[com.google.firebase:firebase-common-ktx:20.3.2] AndroidManifest.xml:15:17-113
195                android:value="com.google.firebase.components.ComponentRegistrar" />
195-->[com.google.firebase:firebase-common-ktx:20.3.2] AndroidManifest.xml:16:17-82
196        </service>
197
198        <uses-library
198-->src\main\AndroidManifest.xml:177:3-179:31
199            android:name="org.apache.http.legacy"
199-->src\main\AndroidManifest.xml:178:4-41
200            android:required="false" />
200-->src\main\AndroidManifest.xml:179:4-28
201
202        <activity
202-->[com.google.android.gms:play-services-base:18.1.0] AndroidManifest.xml:20:9-22:45
203            android:name="com.google.android.gms.common.api.GoogleApiActivity"
203-->[com.google.android.gms:play-services-base:18.1.0] AndroidManifest.xml:20:19-85
204            android:exported="false"
204-->[com.google.android.gms:play-services-base:18.1.0] AndroidManifest.xml:22:19-43
205            android:theme="@android:style/Theme.Translucent.NoTitleBar" />
205-->[com.google.android.gms:play-services-base:18.1.0] AndroidManifest.xml:21:19-78
206    </application>
207
208</manifest>